<?xml version='1.0' encoding='UTF-8'?>
<testsuite hostname="Damiens-MacBook-Pro.local" name="chapter_5.StreamTesting" tests="6" errors="0" failures="0" skipped="0" time="0.037">
                     <properties>
[...]
</properties>
                     <testcase classname="chapter_5.StreamTesting" name="Transforming empty stream to list should be equal to an empty list" time="0.027">
                                                 
                                               </testcase><testcase classname="chapter_5.StreamTesting" name="Transforming stream with only one element = 'a' should be equal to a list of a single element = 'a'" time="0.004">
                                                 
                                               </testcase><testcase classname="chapter_5.StreamTesting" name="dropping one element of a stream of one element should equal to an empty list" time="0.001">
                                                 
                                               </testcase><testcase classname="chapter_5.StreamTesting" name="taking one element of a stream of 'a' and 'b' elements should equal to list containing 'a' as element" time="0.001">
                                                 
                                               </testcase><testcase classname="chapter_5.StreamTesting" name="taking while elements from the stream that equals 'a' should equal to list containing 'a' as element" time="0.002">
                                                 
                                               </testcase><testcase classname="chapter_5.StreamTesting" name="taking while elements from the stream that equals 'c' should equal to empty list" time="0.002">
                                                 
                                               </testcase>
                     <system-out><![CDATA[]]></system-out>
                     <system-err><![CDATA[]]></system-err>
                   </testsuite>